<?xml version="1.0" encoding="UTF-8"?>
<testng-results skipped="0" failed="0" ignored="0" total="1" passed="1">
  <reporter-output>
  </reporter-output>
  <suite name="Default suite" duration-ms="85958" started-at="2017-08-21T09:07:37Z" finished-at="2017-08-21T09:09:03Z">
    <groups>
    </groups>
    <test name="Default test" duration-ms="85958" started-at="2017-08-21T09:07:37Z" finished-at="2017-08-21T09:09:03Z">
      <class name="com.testcases.CreateAccount">
        <test-method status="PASS" signature="testng()[pri:0, instance:com.testcases.CreateAccount@5dfcfece]" name="testng" duration-ms="84757" started-at="2017-08-21T14:37:37Z" finished-at="2017-08-21T14:39:02Z">
          <reporter-output>
          </reporter-output>
        </test-method> <!-- testng -->
        <test-method status="PASS" signature="afterMethod(org.testng.ITestResult)[pri:0, instance:com.testcases.CreateAccount@5dfcfece]" name="afterMethod" is-config="true" duration-ms="1168" started-at="2017-08-21T14:39:02Z" finished-at="2017-08-21T14:39:03Z">
          <params>
            <param index="0">
              <value>
                <![CDATA[[TestResult name=testng status=SUCCESS method=CreateAccount.testng()[pri:0, instance:com.testcases.CreateAccount@5dfcfece] output={null}]]]>
              </value>
            </param>
          </params>
          <reporter-output>
          </reporter-output>
        </test-method> <!-- afterMethod -->
      </class> <!-- com.testcases.CreateAccount -->
    </test> <!-- Default test -->
  </suite> <!-- Default suite -->
</testng-results>
