<?xml version="1.0" encoding="UTF-8"?>
<testng-results skipped="2" failed="0" total="2" passed="0">
  <reporter-output>
  </reporter-output>
  <suite name="Suite" duration-ms="11442" started-at="2017-08-14T09:16:12Z" finished-at="2017-08-14T09:16:23Z">
    <groups>
    </groups>
    <test name="Test" duration-ms="11442" started-at="2017-08-14T09:16:12Z" finished-at="2017-08-14T09:16:23Z">
      <class name="com.CMD.TestNGcmd">
        <test-method status="FAIL" signature="Browser()[pri:0, instance:com.CMD.TestNGcmd@88ff2c]" name="Browser" is-config="true" duration-ms="0" started-at="2017-08-14T14:46:12Z" finished-at="2017-08-14T14:46:12Z">
          <exception class="org.openqa.selenium.UnsupportedCommandException">
            <message>
              <![CDATA[The test with session id 80195eea52b342edadd66953e86a10df has already finished, and can't receive further commands.
You can learn more at https://saucelabs.com/jobs/80195eea52b342edadd66953e86a10df
For help, please check https://wiki.saucelabs.com/display/DOCS/Common+Error+Messages
Command duration or timeout: 356 milliseconds
Build info: version: 'unknown', revision: 'unknown', time: 'unknown'
System info: host: 'NIRANJAN', ip: '192.168.0.115', os.name: 'Windows 10', os.arch: 'x86', os.version: '10.0', java.version: '1.8.0_141'
Driver info: org.openqa.selenium.remote.RemoteWebDriver
Capabilities [{mobileEmulationEnabled=false, hasTouchScreen=false, platform=XP, acceptSslCerts=true, webStorageEnabled=true, takesScreenshot=true, browserName=chrome, javascriptEnabled=true, unexpectedAlertBehaviour=, applicationCacheEnabled=false, rotatable=false, networkConnectionEnabled=false, chrome={chromedriverVersion=2.29.461591 (62ebf098771772160f391d75e589dc567915b233), userDataDir=C:\Users\ADMINI~1\AppData\Local\Temp\scoped_dir2436_8274}, takesHeapSnapshot=true, unhandledPromptBehavior=, pageLoadStrategy=normal, hasMetadata=true, handlesAlerts=true, databaseEnabled=false, version=59.0.3071.86, browserConnectionEnabled=false, nativeEvents=true, webdriver.remote.sessionid=80195eea52b342edadd66953e86a10df, locationContextEnabled=true, cssSelectorsEnabled=true}]
Session ID: 80195eea52b342edadd66953e86a10df
*** Element info: {Using=xpath, value=//*[@id='username']}]]>
            </message>
            <full-stacktrace>
              <![CDATA[org.openqa.selenium.UnsupportedCommandException: The test with session id 80195eea52b342edadd66953e86a10df has already finished, and can't receive further commands.
You can learn more at https://saucelabs.com/jobs/80195eea52b342edadd66953e86a10df
For help, please check https://wiki.saucelabs.com/display/DOCS/Common+Error+Messages
Command duration or timeout: 356 milliseconds
Build info: version: 'unknown', revision: 'unknown', time: 'unknown'
System info: host: 'NIRANJAN', ip: '192.168.0.115', os.name: 'Windows 10', os.arch: 'x86', os.version: '10.0', java.version: '1.8.0_141'
Driver info: org.openqa.selenium.remote.RemoteWebDriver
Capabilities [{mobileEmulationEnabled=false, hasTouchScreen=false, platform=XP, acceptSslCerts=true, webStorageEnabled=true, takesScreenshot=true, browserName=chrome, javascriptEnabled=true, unexpectedAlertBehaviour=, applicationCacheEnabled=false, rotatable=false, networkConnectionEnabled=false, chrome={chromedriverVersion=2.29.461591 (62ebf098771772160f391d75e589dc567915b233), userDataDir=C:\Users\ADMINI~1\AppData\Local\Temp\scoped_dir2436_8274}, takesHeapSnapshot=true, unhandledPromptBehavior=, pageLoadStrategy=normal, hasMetadata=true, handlesAlerts=true, databaseEnabled=false, version=59.0.3071.86, browserConnectionEnabled=false, nativeEvents=true, webdriver.remote.sessionid=80195eea52b342edadd66953e86a10df, locationContextEnabled=true, cssSelectorsEnabled=true}]
Session ID: 80195eea52b342edadd66953e86a10df
*** Element info: {Using=xpath, value=//*[@id='username']}
	at sun.reflect.NativeConstructorAccessorImpl.newInstance0(Native Method)
	at sun.reflect.NativeConstructorAccessorImpl.newInstance(Unknown Source)
	at sun.reflect.DelegatingConstructorAccessorImpl.newInstance(Unknown Source)
	at java.lang.reflect.Constructor.newInstance(Unknown Source)
	at org.openqa.selenium.remote.ErrorHandler.createThrowable(ErrorHandler.java:215)
	at org.openqa.selenium.remote.ErrorHandler.throwIfResponseFailed(ErrorHandler.java:167)
	at org.openqa.selenium.remote.RemoteWebDriver.execute(RemoteWebDriver.java:675)
	at org.openqa.selenium.remote.RemoteWebDriver.findElement(RemoteWebDriver.java:414)
	at org.openqa.selenium.remote.RemoteWebDriver.findElementByXPath(RemoteWebDriver.java:513)
	at org.openqa.selenium.By$ByXPath.findElement(By.java:361)
	at org.openqa.selenium.remote.RemoteWebDriver.findElement(RemoteWebDriver.java:406)
	at com.CMD.TestNGcmd.Browser(TestNGcmd.java:48)
	at sun.reflect.NativeMethodAccessorImpl.invoke0(Native Method)
	at sun.reflect.NativeMethodAccessorImpl.invoke(Unknown Source)
	at sun.reflect.DelegatingMethodAccessorImpl.invoke(Unknown Source)
	at java.lang.reflect.Method.invoke(Unknown Source)
	at org.testng.internal.MethodInvocationHelper.invokeMethod(MethodInvocationHelper.java:80)
	at org.testng.internal.Invoker.invokeConfigurationMethod(Invoker.java:564)
	at org.testng.internal.Invoker.invokeConfigurations(Invoker.java:213)
	at org.testng.internal.Invoker.invokeConfigurations(Invoker.java:138)
	at org.testng.internal.TestMethodWorker.invokeBeforeClassMethods(TestMethodWorker.java:175)
	at org.testng.internal.TestMethodWorker.run(TestMethodWorker.java:107)
	at org.testng.TestRunner.privateRun(TestRunner.java:767)
	at org.testng.TestRunner.run(TestRunner.java:617)
	at org.testng.SuiteRunner.runTest(SuiteRunner.java:334)
	at org.testng.SuiteRunner.runSequentially(SuiteRunner.java:329)
	at org.testng.SuiteRunner.privateRun(SuiteRunner.java:291)
	at org.testng.SuiteRunner.run(SuiteRunner.java:240)
	at org.testng.SuiteRunnerWorker.runSuite(SuiteRunnerWorker.java:52)
	at org.testng.SuiteRunnerWorker.run(SuiteRunnerWorker.java:86)
	at org.testng.TestNG.runSuitesSequentially(TestNG.java:1198)
	at org.testng.TestNG.runSuitesLocally(TestNG.java:1123)
	at org.testng.TestNG.run(TestNG.java:1031)
	at org.testng.TestNG.privateMain(TestNG.java:1338)
	at org.testng.TestNG.main(TestNG.java:1307)
]]>
            </full-stacktrace>
          </exception> <!-- org.openqa.selenium.UnsupportedCommandException -->
          <reporter-output>
          </reporter-output>
        </test-method> <!-- Browser -->
        <test-method status="SKIP" signature="run()[pri:0, instance:com.CMD.TestNGcmd@88ff2c]" name="run" duration-ms="0" started-at="2017-08-14T14:46:23Z" finished-at="2017-08-14T14:46:23Z">
          <reporter-output>
          </reporter-output>
        </test-method> <!-- run -->
        <test-method status="SKIP" signature="close()[pri:0, instance:com.CMD.TestNGcmd@88ff2c]" name="close" duration-ms="0" started-at="2017-08-14T14:46:23Z" finished-at="2017-08-14T14:46:23Z">
          <reporter-output>
          </reporter-output>
        </test-method> <!-- close -->
      </class> <!-- com.CMD.TestNGcmd -->
    </test> <!-- Test -->
  </suite> <!-- Suite -->
</testng-results>
